This is pdfTeX, Version 3.14159265-2.6-1.40.21 (TeX Live 2020) (preloaded format=pdflatex 2020.12.21)  21 DEC 2020 10:35
entering extended mode
 restricted \write18 enabled.
 %&-line parsing enabled.
**Analysis.tex
(./Analysis.tex
LaTeX2e <2020-10-01> patch level 2
L3 programming layer <2020-12-07> xparse <2020-03-03> (/Users/jonathanreeves/Li
brary/TinyTeX/texmf-dist/tex/latex/base/article.cls
Document Class: article 2020/04/10 v1.4m Standard LaTeX document class
(/Users/jonathanreeves/Library/TinyTeX/texmf-dist/tex/latex/base/size10.clo
File: size10.clo 2020/04/10 v1.4m Standard LaTeX file (size option)
)
\c@part=\count177
\c@section=\count178
\c@subsection=\count179
\c@subsubsection=\count180
\c@paragraph=\count181
\c@subparagraph=\count182
\c@figure=\count183
\c@table=\count184
\abovecaptionskip=\skip47
\belowcaptionskip=\skip48
\bibindent=\dimen138
) (/Users/jonathanreeves/Library/TinyTeX/texmf-dist/tex/latex/lm/lmodern.sty
Package: lmodern 2009/10/30 v1.6 Latin Modern Fonts
LaTeX Font Info:    Overwriting symbol font `operators' in version `normal'
(Font)                  OT1/cmr/m/n --> OT1/lmr/m/n on input line 22.
LaTeX Font Info:    Overwriting symbol font `letters' in version `normal'
(Font)                  OML/cmm/m/it --> OML/lmm/m/it on input line 23.
LaTeX Font Info:    Overwriting symbol font `symbols' in version `normal'
(Font)                  OMS/cmsy/m/n --> OMS/lmsy/m/n on input line 24.
LaTeX Font Info:    Overwriting symbol font `largesymbols' in version `normal'
(Font)                  OMX/cmex/m/n --> OMX/lmex/m/n on input line 25.
LaTeX Font Info:    Overwriting symbol font `operators' in version `bold'
(Font)                  OT1/cmr/bx/n --> OT1/lmr/bx/n on input line 26.
LaTeX Font Info:    Overwriting symbol font `letters' in version `bold'
(Font)                  OML/cmm/b/it --> OML/lmm/b/it on input line 27.
LaTeX Font Info:    Overwriting symbol font `symbols' in version `bold'
(Font)                  OMS/cmsy/b/n --> OMS/lmsy/b/n on input line 28.
LaTeX Font Info:    Overwriting symbol font `largesymbols' in version `bold'
(Font)                  OMX/cmex/m/n --> OMX/lmex/m/n on input line 29.
LaTeX Font Info:    Overwriting math alphabet `\mathbf' in version `normal'
(Font)                  OT1/cmr/bx/n --> OT1/lmr/bx/n on input line 31.
LaTeX Font Info:    Overwriting math alphabet `\mathsf' in version `normal'
(Font)                  OT1/cmss/m/n --> OT1/lmss/m/n on input line 32.
LaTeX Font Info:    Overwriting math alphabet `\mathit' in version `normal'
(Font)                  OT1/cmr/m/it --> OT1/lmr/m/it on input line 33.
LaTeX Font Info:    Overwriting math alphabet `\mathtt' in version `normal'
(Font)                  OT1/cmtt/m/n --> OT1/lmtt/m/n on input line 34.
LaTeX Font Info:    Overwriting math alphabet `\mathbf' in version `bold'
(Font)                  OT1/cmr/bx/n --> OT1/lmr/bx/n on input line 35.
LaTeX Font Info:    Overwriting math alphabet `\mathsf' in version `bold'
(Font)                  OT1/cmss/bx/n --> OT1/lmss/bx/n on input line 36.
LaTeX Font Info:    Overwriting math alphabet `\mathit' in version `bold'
(Font)                  OT1/cmr/bx/it --> OT1/lmr/bx/it on input line 37.
LaTeX Font Info:    Overwriting math alphabet `\mathtt' in version `bold'
(Font)                  OT1/cmtt/m/n --> OT1/lmtt/m/n on input line 38.
)
(/Users/jonathanreeves/Library/TinyTeX/texmf-dist/tex/latex/amsfonts/amssymb.st
y
Package: amssymb 2013/01/14 v3.01 AMS font symbols

(/Users/jonathanreeves/Library/TinyTeX/texmf-dist/tex/latex/amsfonts/amsfonts.s
ty
Package: amsfonts 2013/01/14 v3.01 Basic AMSFonts support
\@emptytoks=\toks15
\symAMSa=\mathgroup4
\symAMSb=\mathgroup5
LaTeX Font Info:    Redeclaring math symbol \hbar on input line 98.
LaTeX Font Info:    Overwriting math alphabet `\mathfrak' in version `bold'
(Font)                  U/euf/m/n --> U/euf/b/n on input line 106.
))
(/Users/jonathanreeves/Library/TinyTeX/texmf-dist/tex/latex/amsmath/amsmath.sty
Package: amsmath 2020/09/23 v2.17i AMS math features
\@mathmargin=\skip49
For additional information on amsmath, use the `?' option.

(/Users/jonathanreeves/Library/TinyTeX/texmf-dist/tex/latex/amsmath/amstext.sty
Package: amstext 2000/06/29 v2.01 AMS text
(/Users/jonathanreeves/Library/TinyTeX/texmf-dist/tex/latex/amsmath/amsgen.sty
File: amsgen.sty 1999/11/30 v2.0 generic functions
\@emptytoks=\toks16
\ex@=\dimen139
)) (/Users/jonathanreeves/Library/TinyTeX/texmf-dist/tex/latex/amsmath/amsbsy.s
ty
Package: amsbsy 1999/11/29 v1.2d Bold Symbols
\pmbraise@=\dimen140
) (/Users/jonathanreeves/Library/TinyTeX/texmf-dist/tex/latex/amsmath/amsopn.st
y
Package: amsopn 2016/03/08 v2.02 operator names
)
\inf@bad=\count185
LaTeX Info: Redefining \frac on input line 234.
\uproot@=\count186
\leftroot@=\count187
LaTeX Info: Redefining \overline on input line 399.
\classnum@=\count188
\DOTSCASE@=\count189
LaTeX Info: Redefining \ldots on input line 496.
LaTeX Info: Redefining \dots on input line 499.
LaTeX Info: Redefining \cdots on input line 620.
\Mathstrutbox@=\box47
\strutbox@=\box48
\big@size=\dimen141
LaTeX Font Info:    Redeclaring font encoding OML on input line 743.
LaTeX Font Info:    Redeclaring font encoding OMS on input line 744.
\macc@depth=\count190
\c@MaxMatrixCols=\count191
\dotsspace@=\muskip16
\c@parentequation=\count192
\dspbrk@lvl=\count193
\tag@help=\toks17
\row@=\count194
\column@=\count195
\maxfields@=\count196
\andhelp@=\toks18
\eqnshift@=\dimen142
\alignsep@=\dimen143
\tagshift@=\dimen144
\tagwidth@=\dimen145
\totwidth@=\dimen146
\lineht@=\dimen147
\@envbody=\toks19
\multlinegap=\skip50
\multlinetaggap=\skip51
\mathdisplay@stack=\toks20
LaTeX Info: Redefining \[ on input line 2923.
LaTeX Info: Redefining \] on input line 2924.
)
(/Users/jonathanreeves/Library/TinyTeX/texmf-dist/tex/generic/iftex/ifxetex.sty
Package: ifxetex 2019/10/25 v0.7 ifxetex legacy package. Use iftex instead.
(/Users/jonathanreeves/Library/TinyTeX/texmf-dist/tex/generic/iftex/iftex.sty
Package: iftex 2020/03/06 v1.0d TeX engine tests
))
(/Users/jonathanreeves/Library/TinyTeX/texmf-dist/tex/generic/iftex/ifluatex.st
y
Package: ifluatex 2019/10/25 v1.5 ifluatex legacy package. Use iftex instead.
) (/Users/jonathanreeves/Library/TinyTeX/texmf-dist/tex/latex/base/fixltx2e.sty
Package: fixltx2e 2016/12/29 v2.1a fixes to LaTeX (obsolete)
Applying: [2015/01/01] Old fixltx2e package on input line 46.

Package fixltx2e Warning: fixltx2e is not required with releases after 2015
(fixltx2e)                All fixes are now in the LaTeX kernel.
(fixltx2e)                See the latexrelease package for details.

Already applied: [0000/00/00] Old fixltx2e package on input line 53.
) (/Users/jonathanreeves/Library/TinyTeX/texmf-dist/tex/latex/base/fontenc.sty
Package: fontenc 2020/08/10 v2.0s Standard LaTeX package
LaTeX Font Info:    Trying to load font information for T1+lmr on input line 11
2.
(/Users/jonathanreeves/Library/TinyTeX/texmf-dist/tex/latex/lm/t1lmr.fd
File: t1lmr.fd 2009/10/30 v1.6 Font defs for Latin Modern
)) (/Users/jonathanreeves/Library/TinyTeX/texmf-dist/tex/latex/base/inputenc.st
y
Package: inputenc 2020/08/01 v1.3d Input encoding file
\inpenc@prehook=\toks21
\inpenc@posthook=\toks22
) (/Users/jonathanreeves/Library/TinyTeX/texmf-dist/tex/latex/base/textcomp.sty
Package: textcomp 2020/02/02 v2.0n Standard LaTeX package
)
(/Users/jonathanreeves/Library/TinyTeX/texmf-dist/tex/latex/upquote/upquote.sty
Package: upquote 2012/04/19 v1.3 upright-quote and grave-accent glyphs in verba
tim
)
(/Users/jonathanreeves/Library/TinyTeX/texmf-dist/tex/latex/microtype/microtype
.sty
Package: microtype 2020/12/07 v2.8 Micro-typographical refinements (RS)

(/Users/jonathanreeves/Library/TinyTeX/texmf-dist/tex/latex/graphics/keyval.sty
Package: keyval 2014/10/28 v1.15 key=value parser (DPC)
\KV@toks@=\toks23
)
\MT@toks=\toks24
\MT@count=\count197
LaTeX Info: Redefining \textls on input line 788.
\MT@outer@kern=\dimen148
LaTeX Info: Redefining \textmicrotypecontext on input line 1358.
\MT@listname@count=\count198

(/Users/jonathanreeves/Library/TinyTeX/texmf-dist/tex/latex/microtype/microtype
-pdftex.def
File: microtype-pdftex.def 2020/12/07 v2.8 Definitions specific to pdftex (RS)
LaTeX Info: Redefining \lsstyle on input line 915.
LaTeX Info: Redefining \lslig on input line 915.
\MT@outer@space=\skip52
)
Package microtype Info: Loading configuration file microtype.cfg.

(/Users/jonathanreeves/Library/TinyTeX/texmf-dist/tex/latex/microtype/microtype
.cfg
File: microtype.cfg 2020/12/07 v2.8 microtype main configuration file (RS)
))
(/Users/jonathanreeves/Library/TinyTeX/texmf-dist/tex/latex/hyperref/hyperref.s
ty
Package: hyperref 2020-05-15 v7.00e Hypertext links for LaTeX

(/Users/jonathanreeves/Library/TinyTeX/texmf-dist/tex/generic/ltxcmds/ltxcmds.s
ty
Package: ltxcmds 2020-05-10 v1.25 LaTeX kernel commands for general use (HO)
)
(/Users/jonathanreeves/Library/TinyTeX/texmf-dist/tex/generic/pdftexcmds/pdftex
cmds.sty
Package: pdftexcmds 2020-06-27 v0.33 Utility functions of pdfTeX for LuaTeX (HO
)

(/Users/jonathanreeves/Library/TinyTeX/texmf-dist/tex/generic/infwarerr/infware
rr.sty
Package: infwarerr 2019/12/03 v1.5 Providing info/warning/error messages (HO)
)
Package pdftexcmds Info: \pdf@primitive is available.
Package pdftexcmds Info: \pdf@ifprimitive is available.
Package pdftexcmds Info: \pdfdraftmode found.
)
(/Users/jonathanreeves/Library/TinyTeX/texmf-dist/tex/generic/kvsetkeys/kvsetke
ys.sty
Package: kvsetkeys 2019/12/15 v1.18 Key value parser (HO)
)
(/Users/jonathanreeves/Library/TinyTeX/texmf-dist/tex/generic/kvdefinekeys/kvde
finekeys.sty
Package: kvdefinekeys 2019-12-19 v1.6 Define keys (HO)
)
(/Users/jonathanreeves/Library/TinyTeX/texmf-dist/tex/generic/pdfescape/pdfesca
pe.sty
Package: pdfescape 2019/12/09 v1.15 Implements pdfTeX's escape features (HO)
)
(/Users/jonathanreeves/Library/TinyTeX/texmf-dist/tex/latex/hycolor/hycolor.sty
Package: hycolor 2020-01-27 v1.10 Color options for hyperref/bookmark (HO)
)
(/Users/jonathanreeves/Library/TinyTeX/texmf-dist/tex/latex/letltxmacro/letltxm
acro.sty
Package: letltxmacro 2019/12/03 v1.6 Let assignment for LaTeX macros (HO)
)
(/Users/jonathanreeves/Library/TinyTeX/texmf-dist/tex/latex/auxhook/auxhook.sty
Package: auxhook 2019-12-17 v1.6 Hooks for auxiliary files (HO)
)
(/Users/jonathanreeves/Library/TinyTeX/texmf-dist/tex/latex/kvoptions/kvoptions
.sty
Package: kvoptions 2020-10-07 v3.14 Key value format for package options (HO)
)
\@linkdim=\dimen149
\Hy@linkcounter=\count199
\Hy@pagecounter=\count266

(/Users/jonathanreeves/Library/TinyTeX/texmf-dist/tex/latex/hyperref/pd1enc.def
File: pd1enc.def 2020-05-15 v7.00e Hyperref: PDFDocEncoding definition (HO)
Now handling font encoding PD1 ...
... no UTF-8 mapping file for font encoding PD1
)
(/Users/jonathanreeves/Library/TinyTeX/texmf-dist/tex/generic/intcalc/intcalc.s
ty
Package: intcalc 2019/12/15 v1.3 Expandable calculations with integers (HO)
)
(/Users/jonathanreeves/Library/TinyTeX/texmf-dist/tex/generic/etexcmds/etexcmds
.sty
Package: etexcmds 2019/12/15 v1.7 Avoid name clashes with e-TeX commands (HO)
)
\Hy@SavedSpaceFactor=\count267
Package hyperref Info: Option `unicode' set `true' on input line 4338.
(/Users/jonathanreeves/Library/TinyTeX/texmf-dist/tex/latex/hyperref/puenc.def
File: puenc.def 2020-05-15 v7.00e Hyperref: PDF Unicode definition (HO)
Now handling font encoding PU ...
... no UTF-8 mapping file for font encoding PU
)
Package hyperref Info: Hyper figures OFF on input line 4464.
Package hyperref Info: Link nesting OFF on input line 4469.
Package hyperref Info: Hyper index ON on input line 4472.
Package hyperref Info: Plain pages OFF on input line 4479.
Package hyperref Info: Backreferencing OFF on input line 4484.
Package hyperref Info: Implicit mode ON; LaTeX internals redefined.
Package hyperref Info: Bookmarks ON on input line 4717.
\c@Hy@tempcnt=\count268
(/Users/jonathanreeves/Library/TinyTeX/texmf-dist/tex/latex/url/url.sty
\Urlmuskip=\muskip17
Package: url 2013/09/16  ver 3.4  Verb mode for urls, etc.
)
LaTeX Info: Redefining \url on input line 5076.
\XeTeXLinkMargin=\dimen150

(/Users/jonathanreeves/Library/TinyTeX/texmf-dist/tex/generic/bitset/bitset.sty
Package: bitset 2019/12/09 v1.3 Handle bit-vector datatype (HO)

(/Users/jonathanreeves/Library/TinyTeX/texmf-dist/tex/generic/bigintcalc/bigint
calc.sty
Package: bigintcalc 2019/12/15 v1.5 Expandable calculations on big integers (HO
)
))
\Fld@menulength=\count269
\Field@Width=\dimen151
\Fld@charsize=\dimen152
Package hyperref Info: Hyper figures OFF on input line 6347.
Package hyperref Info: Link nesting OFF on input line 6352.
Package hyperref Info: Hyper index ON on input line 6355.
Package hyperref Info: backreferencing OFF on input line 6362.
Package hyperref Info: Link coloring OFF on input line 6367.
Package hyperref Info: Link coloring with OCG OFF on input line 6372.
Package hyperref Info: PDF/A mode OFF on input line 6377.
LaTeX Info: Redefining \ref on input line 6417.
LaTeX Info: Redefining \pageref on input line 6421.

(/Users/jonathanreeves/Library/TinyTeX/texmf-dist/tex/latex/base/atbegshi-ltx.s
ty
Package: atbegshi-ltx 2020/08/17 v1.0a Emulation of the original atbegshi packa
ge
with kernel methods
)
\Hy@abspage=\count270
\c@Item=\count271
\c@Hfootnote=\count272
)
Package hyperref Info: Driver (autodetected): hpdftex.

(/Users/jonathanreeves/Library/TinyTeX/texmf-dist/tex/latex/hyperref/hpdftex.de
f
File: hpdftex.def 2020-05-15 v7.00e Hyperref driver for pdfTeX

(/Users/jonathanreeves/Library/TinyTeX/texmf-dist/tex/latex/base/atveryend-ltx.
sty
Package: atveryend-ltx 2020/08/19 v1.0a Emulation of the original atvery packag
e
with kernel methods
)
\Fld@listcount=\count273
\c@bookmark@seq@number=\count274

(/Users/jonathanreeves/Library/TinyTeX/texmf-dist/tex/latex/rerunfilecheck/reru
nfilecheck.sty
Package: rerunfilecheck 2019/12/05 v1.9 Rerun checks for auxiliary files (HO)

(/Users/jonathanreeves/Library/TinyTeX/texmf-dist/tex/generic/uniquecounter/uni
quecounter.sty
Package: uniquecounter 2019/12/15 v1.4 Provide unlimited unique counter (HO)
)
Package uniquecounter Info: New unique counter `rerunfilecheck' on input line 2
86.
)
\Hy@SectionHShift=\skip53
)
Package hyperref Info: Option `breaklinks' set `true' on input line 35.

(/Users/jonathanreeves/Library/TinyTeX/texmf-dist/tex/latex/geometry/geometry.s
ty
Package: geometry 2020/01/02 v5.9 Page Geometry
(/Users/jonathanreeves/Library/TinyTeX/texmf-dist/tex/generic/iftex/ifvtex.sty
Package: ifvtex 2019/10/25 v1.7 ifvtex legacy package. Use iftex instead.
)
\Gm@cnth=\count275
\Gm@cntv=\count276
\c@Gm@tempcnt=\count277
\Gm@bindingoffset=\dimen153
\Gm@wd@mp=\dimen154
\Gm@odd@mp=\dimen155
\Gm@even@mp=\dimen156
\Gm@layoutwidth=\dimen157
\Gm@layoutheight=\dimen158
\Gm@layouthoffset=\dimen159
\Gm@layoutvoffset=\dimen160
\Gm@dimlist=\toks25
)
(/Users/jonathanreeves/Library/TinyTeX/texmf-dist/tex/latex/graphics/graphicx.s
ty
Package: graphicx 2020/09/09 v1.2b Enhanced LaTeX Graphics (DPC,SPQR)

(/Users/jonathanreeves/Library/TinyTeX/texmf-dist/tex/latex/graphics/graphics.s
ty
Package: graphics 2020/08/30 v1.4c Standard LaTeX Graphics (DPC,SPQR)
(/Users/jonathanreeves/Library/TinyTeX/texmf-dist/tex/latex/graphics/trig.sty
Package: trig 2016/01/03 v1.10 sin cos tan (DPC)
)
(/Users/jonathanreeves/Library/TinyTeX/texmf-dist/tex/latex/graphics-cfg/graphi
cs.cfg
File: graphics.cfg 2016/06/04 v1.11 sample graphics configuration
)
Package graphics Info: Driver file: pdftex.def on input line 105.

(/Users/jonathanreeves/Library/TinyTeX/texmf-dist/tex/latex/graphics-def/pdftex
.def
File: pdftex.def 2020/10/05 v1.2a Graphics/color driver for pdftex
))
\Gin@req@height=\dimen161
\Gin@req@width=\dimen162
)
(/Users/jonathanreeves/Library/TinyTeX/texmf-dist/tex/latex/grffile/grffile.sty
Package: grffile 2019/11/11 v2.1 Extended file name support for graphics (legac
y)
Package grffile Info: This package is an empty stub for compatibility on input 
line 40.
) (/Users/jonathanreeves/Library/TinyTeX/texmf-dist/tex/latex/float/float.sty
Package: float 2001/11/08 v1.3d Float enhancements (AL)
\c@float@type=\count278
\float@exts=\toks26
\float@box=\box49
\@float@everytoks=\toks27
\@floatcapt=\box50
)
(/Users/jonathanreeves/Library/TinyTeX/texmf-dist/tex/latex/l3backend/l3backend
-pdftex.def
File: l3backend-pdftex.def 2020-09-24 L3 backend support: PDF output (pdfTeX)
\l__kernel_color_stack_int=\count279
\l__pdf_internal_box=\box51
) (./Analysis.aux)
\openout1 = `Analysis.aux'.

LaTeX Font Info:    Checking defaults for OML/cmm/m/it on input line 72.
LaTeX Font Info:    ... okay on input line 72.
LaTeX Font Info:    Checking defaults for OMS/cmsy/m/n on input line 72.
LaTeX Font Info:    ... okay on input line 72.
LaTeX Font Info:    Checking defaults for OT1/cmr/m/n on input line 72.
LaTeX Font Info:    ... okay on input line 72.
LaTeX Font Info:    Checking defaults for T1/cmr/m/n on input line 72.
LaTeX Font Info:    ... okay on input line 72.
LaTeX Font Info:    Checking defaults for TS1/cmr/m/n on input line 72.
LaTeX Font Info:    ... okay on input line 72.
LaTeX Font Info:    Checking defaults for OMX/cmex/m/n on input line 72.
LaTeX Font Info:    ... okay on input line 72.
LaTeX Font Info:    Checking defaults for U/cmr/m/n on input line 72.
LaTeX Font Info:    ... okay on input line 72.
LaTeX Font Info:    Checking defaults for PD1/pdf/m/n on input line 72.
LaTeX Font Info:    ... okay on input line 72.
LaTeX Font Info:    Checking defaults for PU/pdf/m/n on input line 72.
LaTeX Font Info:    ... okay on input line 72.
LaTeX Info: Redefining \microtypecontext on input line 72.
Package microtype Info: Generating PDF output.
Package microtype Info: Character protrusion enabled (level 2).
Package microtype Info: Using protrusion set `basicmath'.
Package microtype Info: Automatic font expansion enabled (level 2),
(microtype)             stretch: 20, shrink: 20, step: 1, non-selected.
Package microtype Info: Using default expansion set `alltext-nott'.
LaTeX Info: Redefining \showhyphens on input line 72.
Package microtype Info: No adjustment of tracking.
Package microtype Info: No adjustment of interword spacing.
Package microtype Info: No adjustment of character kerning.

(/Users/jonathanreeves/Library/TinyTeX/texmf-dist/tex/latex/microtype/mt-cmr.cf
g
File: mt-cmr.cfg 2013/05/19 v2.2 microtype config. file: Computer Modern Roman 
(RS)
)
Package hyperref Info: Link coloring OFF on input line 72.

(/Users/jonathanreeves/Library/TinyTeX/texmf-dist/tex/latex/hyperref/nameref.st
y
Package: nameref 2019/09/16 v2.46 Cross-referencing by name of section

(/Users/jonathanreeves/Library/TinyTeX/texmf-dist/tex/latex/refcount/refcount.s
ty
Package: refcount 2019/12/15 v3.6 Data extraction from label references (HO)
)
(/Users/jonathanreeves/Library/TinyTeX/texmf-dist/tex/generic/gettitlestring/ge
ttitlestring.sty
Package: gettitlestring 2019/12/15 v1.6 Cleanup title references (HO)
)
\c@section@level=\count280
)
LaTeX Info: Redefining \ref on input line 72.
LaTeX Info: Redefining \pageref on input line 72.
LaTeX Info: Redefining \nameref on input line 72.
(./Analysis.out) (./Analysis.out)
\@outlinefile=\write3
\openout3 = `Analysis.out'.

*geometry* driver: auto-detecting
*geometry* detected driver: pdftex
*geometry* verbose mode - [ preamble ] result:
* driver: pdftex
* paper: <default>
* layout: <same size as paper>
* layoutoffset:(h,v)=(0.0pt,0.0pt)
* modes: 
* h-part:(L,W,R)=(72.26999pt, 469.75502pt, 72.26999pt)
* v-part:(T,H,B)=(72.26999pt, 650.43001pt, 72.26999pt)
* \paperwidth=614.295pt
* \paperheight=794.96999pt
* \textwidth=469.75502pt
* \textheight=650.43001pt
* \oddsidemargin=0.0pt
* \evensidemargin=0.0pt
* \topmargin=-37.0pt
* \headheight=12.0pt
* \headsep=25.0pt
* \topskip=10.0pt
* \footskip=30.0pt
* \marginparwidth=65.0pt
* \marginparsep=11.0pt
* \columnsep=10.0pt
* \skip\footins=9.0pt plus 4.0pt minus 2.0pt
* \hoffset=0.0pt
* \voffset=0.0pt
* \mag=1000
* \@twocolumnfalse
* \@twosidefalse
* \@mparswitchfalse
* \@reversemarginfalse
* (1in=72.27pt=25.4mm, 1cm=28.453pt)


(/Users/jonathanreeves/Library/TinyTeX/texmf-dist/tex/latex/epstopdf-pkg/epstop
df-base.sty
Package: epstopdf-base 2020-01-24 v2.11 Base part for package epstopdf
Package epstopdf-base Info: Redefining graphics rule for `.eps' on input line 4
85.

(/Users/jonathanreeves/Library/TinyTeX/texmf-dist/tex/latex/latexconfig/epstopd
f-sys.cfg
File: epstopdf-sys.cfg 2010/07/13 v1.3 Configuration of (r)epstopdf for TeX Liv
e
))
LaTeX Font Info:    Trying to load font information for OT1+lmr on input line 7
4.
(/Users/jonathanreeves/Library/TinyTeX/texmf-dist/tex/latex/lm/ot1lmr.fd
File: ot1lmr.fd 2009/10/30 v1.6 Font defs for Latin Modern
)
LaTeX Font Info:    Trying to load font information for OML+lmm on input line 7
4.
(/Users/jonathanreeves/Library/TinyTeX/texmf-dist/tex/latex/lm/omllmm.fd
File: omllmm.fd 2009/10/30 v1.6 Font defs for Latin Modern
)
LaTeX Font Info:    Trying to load font information for OMS+lmsy on input line 
74.
(/Users/jonathanreeves/Library/TinyTeX/texmf-dist/tex/latex/lm/omslmsy.fd
File: omslmsy.fd 2009/10/30 v1.6 Font defs for Latin Modern
)
LaTeX Font Info:    Trying to load font information for OMX+lmex on input line 
74.
(/Users/jonathanreeves/Library/TinyTeX/texmf-dist/tex/latex/lm/omxlmex.fd
File: omxlmex.fd 2009/10/30 v1.6 Font defs for Latin Modern
)
LaTeX Font Info:    External font `lmex10' loaded for size
(Font)              <12> on input line 74.
LaTeX Font Info:    External font `lmex10' loaded for size
(Font)              <8> on input line 74.
LaTeX Font Info:    External font `lmex10' loaded for size
(Font)              <6> on input line 74.
LaTeX Font Info:    Trying to load font information for U+msa on input line 74.

(/Users/jonathanreeves/Library/TinyTeX/texmf-dist/tex/latex/amsfonts/umsa.fd
File: umsa.fd 2013/01/14 v3.01 AMS symbols A
)
(/Users/jonathanreeves/Library/TinyTeX/texmf-dist/tex/latex/microtype/mt-msa.cf
g
File: mt-msa.cfg 2006/02/04 v1.1 microtype config. file: AMS symbols (a) (RS)
)
LaTeX Font Info:    Trying to load font information for U+msb on input line 74.

(/Users/jonathanreeves/Library/TinyTeX/texmf-dist/tex/latex/amsfonts/umsb.fd
File: umsb.fd 2013/01/14 v3.01 AMS symbols B
)
(/Users/jonathanreeves/Library/TinyTeX/texmf-dist/tex/latex/microtype/mt-msb.cf
g
File: mt-msb.cfg 2005/06/01 v1.0 microtype config. file: AMS symbols (b) (RS)
)
<Analysis_files/figure-latex/unnamed-chunk-2-1.pdf, id=56, 469.755pt x 325.215p
t>
File: Analysis_files/figure-latex/unnamed-chunk-2-1.pdf Graphic file (type pdf)

<use Analysis_files/figure-latex/unnamed-chunk-2-1.pdf>
Package pdftex.def Info: Analysis_files/figure-latex/unnamed-chunk-2-1.pdf  use
d on input line 85.
(pdftex.def)             Requested size: 469.75386pt x 325.2142pt.
[1

{/Users/jonathanreeves/Library/TinyTeX/texmf-var/fonts/map/pdftex/updmap/pdftex
.map}pdfTeX warning (ext4): destination with the same identifier (name{figure.1
}) has been already used, duplicate ignored
<argument> ...shipout:D \box_use:N \l_shipout_box 
                                                  
l.114 
       <./Analysis_files/figure-latex/unnamed-chunk-2-1.pdf>]
<Analysis_files/figure-latex/unnamed-chunk-3-1.pdf, id=77, 469.755pt x 289.08pt
>
File: Analysis_files/figure-latex/unnamed-chunk-3-1.pdf Graphic file (type pdf)

<use Analysis_files/figure-latex/unnamed-chunk-3-1.pdf>
Package pdftex.def Info: Analysis_files/figure-latex/unnamed-chunk-3-1.pdf  use
d on input line 127.
(pdftex.def)             Requested size: 469.75386pt x 289.07928pt.
[2pdfTeX warning (ext4): destination with the same identifier (name{figure.2}) 
has been already used, duplicate ignored
<argument> ...shipout:D \box_use:N \l_shipout_box 
                                                  
l.154 
       <./Analysis_files/figure-latex/unnamed-chunk-3-1.pdf>]
<Analysis_files/figure-latex/unnamed-chunk-4-1.pdf, id=89, 289.08pt x 289.08pt>

File: Analysis_files/figure-latex/unnamed-chunk-4-1.pdf Graphic file (type pdf)

<use Analysis_files/figure-latex/unnamed-chunk-4-1.pdf>
Package pdftex.def Info: Analysis_files/figure-latex/unnamed-chunk-4-1.pdf  use
d on input line 157.
(pdftex.def)             Requested size: 289.09251pt x 289.09251pt.
LaTeX Font Info:    Trying to load font information for T1+lmtt on input line 1
81.
(/Users/jonathanreeves/Library/TinyTeX/texmf-dist/tex/latex/lm/t1lmtt.fd
File: t1lmtt.fd 2009/10/30 v1.6 Font defs for Latin Modern
)
<Analysis_files/figure-latex/unnamed-chunk-5-1.pdf, id=91, 469.755pt x 469.755p
t>
File: Analysis_files/figure-latex/unnamed-chunk-5-1.pdf Graphic file (type pdf)

<use Analysis_files/figure-latex/unnamed-chunk-5-1.pdf>
Package pdftex.def Info: Analysis_files/figure-latex/unnamed-chunk-5-1.pdf  use
d on input line 187.
(pdftex.def)             Requested size: 469.75386pt x 469.75386pt.
[3pdfTeX warning (ext4): destination with the same identifier (name{figure.3}) 
has been already used, duplicate ignored
<argument> ...shipout:D \box_use:N \l_shipout_box 
                                                  
l.194 
       <./Analysis_files/figure-latex/unnamed-chunk-4-1.pdf>]
<Analysis_files/figure-latex/unnamed-chunk-6-1.pdf, id=107, 216.81pt x 216.81pt
>
File: Analysis_files/figure-latex/unnamed-chunk-6-1.pdf Graphic file (type pdf)

<use Analysis_files/figure-latex/unnamed-chunk-6-1.pdf>
Package pdftex.def Info: Analysis_files/figure-latex/unnamed-chunk-6-1.pdf  use
d on input line 204.
(pdftex.def)             Requested size: 216.81938pt x 216.81938pt.
[4pdfTeX warning (ext4): destination with the same identifier (name{figure.4}) 
has been already used, duplicate ignored
<argument> ...shipout:D \box_use:N \l_shipout_box 
                                                  
l.209 
       <./Analysis_files/figure-latex/unnamed-chunk-5-1.pdf>]
<Analysis_files/figure-latex/unnamed-chunk-7-1.pdf, id=118, 469.755pt x 289.08p
t>
File: Analysis_files/figure-latex/unnamed-chunk-7-1.pdf Graphic file (type pdf)

<use Analysis_files/figure-latex/unnamed-chunk-7-1.pdf>
Package pdftex.def Info: Analysis_files/figure-latex/unnamed-chunk-7-1.pdf  use
d on input line 224.
(pdftex.def)             Requested size: 469.75386pt x 289.07928pt.
[5pdfTeX warning (ext4): destination with the same identifier (name{figure.5}) 
has been already used, duplicate ignored
<argument> ...shipout:D \box_use:N \l_shipout_box 
                                                  
l.228 
       <./Analysis_files/figure-latex/unnamed-chunk-6-1.pdf>]

LaTeX Warning: Reference `time d2source' on page 6 undefined on input line 257.


<Analysis_files/figure-latex/unnamed-chunk-9-1.pdf, id=132, 469.755pt x 289.08p
t>
File: Analysis_files/figure-latex/unnamed-chunk-9-1.pdf Graphic file (type pdf)

<use Analysis_files/figure-latex/unnamed-chunk-9-1.pdf>
Package pdftex.def Info: Analysis_files/figure-latex/unnamed-chunk-9-1.pdf  use
d on input line 267.
(pdftex.def)             Requested size: 469.75386pt x 289.07928pt.
[6pdfTeX warning (ext4): destination with the same identifier (name{figure.6}) 
has been already used, duplicate ignored
<argument> ...shipout:D \box_use:N \l_shipout_box 
                                                  
l.269 \begin{verbatim}
                       <./Analysis_files/figure-latex/unnamed-chunk-7-1.pdf>]
<Analysis_files/figure-latex/unnamed-chunk-10-1.pdf, id=143, 469.755pt x 289.08
pt>
File: Analysis_files/figure-latex/unnamed-chunk-10-1.pdf Graphic file (type pdf
)
<use Analysis_files/figure-latex/unnamed-chunk-10-1.pdf>
Package pdftex.def Info: Analysis_files/figure-latex/unnamed-chunk-10-1.pdf  us
ed on input line 275.
(pdftex.def)             Requested size: 469.75386pt x 289.07928pt.
[7 <./Analysis_files/figure-latex/unnamed-chunk-9-1.pdf>]
<Analysis_files/figure-latex/unnamed-chunk-11-1.pdf, id=155, 469.755pt x 289.08
pt>
File: Analysis_files/figure-latex/unnamed-chunk-11-1.pdf Graphic file (type pdf
)
<use Analysis_files/figure-latex/unnamed-chunk-11-1.pdf>
Package pdftex.def Info: Analysis_files/figure-latex/unnamed-chunk-11-1.pdf  us
ed on input line 319.
(pdftex.def)             Requested size: 469.75386pt x 289.07928pt.
[8pdfTeX warning (ext4): destination with the same identifier (name{figure.7}) 
has been already used, duplicate ignored
<argument> ...shipout:D \box_use:N \l_shipout_box 
                                                  
l.323 
       <./Analysis_files/figure-latex/unnamed-chunk-10-1.pdf>]
<Analysis_files/figure-latex/unnamed-chunk-12-1.pdf, id=168, 469.755pt x 289.08
pt>
File: Analysis_files/figure-latex/unnamed-chunk-12-1.pdf Graphic file (type pdf
)
<use Analysis_files/figure-latex/unnamed-chunk-12-1.pdf>
Package pdftex.def Info: Analysis_files/figure-latex/unnamed-chunk-12-1.pdf  us
ed on input line 342.
(pdftex.def)             Requested size: 469.75386pt x 289.07928pt.
[9pdfTeX warning (ext4): destination with the same identifier (name{figure.8}) 
has been already used, duplicate ignored
<argument> ...shipout:D \box_use:N \l_shipout_box 
                                                  
l.346 
       <./Analysis_files/figure-latex/unnamed-chunk-11-1.pdf>]

Package hyperref Warning: Difference (2) between bookmark levels is greater 
(hyperref)                than one, level fixed on input line 365.

LaTeX Font Info:    Trying to load font information for TS1+lmtt on input line 
374.
(/Users/jonathanreeves/Library/TinyTeX/texmf-dist/tex/latex/lm/ts1lmtt.fd
File: ts1lmtt.fd 2009/10/30 v1.6 Font defs for Latin Modern
)
<Analysis_files/figure-latex/unnamed-chunk-14-1.pdf, id=181, 469.755pt x 289.08
pt>
File: Analysis_files/figure-latex/unnamed-chunk-14-1.pdf Graphic file (type pdf
)
<use Analysis_files/figure-latex/unnamed-chunk-14-1.pdf>
Package pdftex.def Info: Analysis_files/figure-latex/unnamed-chunk-14-1.pdf  us
ed on input line 378.
(pdftex.def)             Requested size: 469.75386pt x 289.07928pt.
[10pdfTeX warning (ext4): destination with the same identifier (name{figure.9})
 has been already used, duplicate ignored
<argument> ...shipout:D \box_use:N \l_shipout_box 
                                                  
l.383 
       <./Analysis_files/figure-latex/unnamed-chunk-12-1.pdf>]
<Analysis_files/figure-latex/unnamed-chunk-15-1.pdf, id=196, 469.755pt x 289.08
pt>
File: Analysis_files/figure-latex/unnamed-chunk-15-1.pdf Graphic file (type pdf
)
<use Analysis_files/figure-latex/unnamed-chunk-15-1.pdf>
Package pdftex.def Info: Analysis_files/figure-latex/unnamed-chunk-15-1.pdf  us
ed on input line 410.
(pdftex.def)             Requested size: 469.75386pt x 289.07928pt.
[11pdfTeX warning (ext4): destination with the same identifier (name{figure.10}
) has been already used, duplicate ignored
<argument> ...shipout:D \box_use:N \l_shipout_box 
                                                  
l.415 
       <./Analysis_files/figure-latex/unnamed-chunk-14-1.pdf>]
<Analysis_files/figure-latex/unnamed-chunk-16-1.pdf, id=209, 469.755pt x 289.08
pt>
File: Analysis_files/figure-latex/unnamed-chunk-16-1.pdf Graphic file (type pdf
)
<use Analysis_files/figure-latex/unnamed-chunk-16-1.pdf>
Package pdftex.def Info: Analysis_files/figure-latex/unnamed-chunk-16-1.pdf  us
ed on input line 457.
(pdftex.def)             Requested size: 469.75386pt x 289.07928pt.
[12pdfTeX warning (ext4): destination with the same identifier (name{figure.11}
) has been already used, duplicate ignored
<argument> ...shipout:D \box_use:N \l_shipout_box 
                                                  
l.461 
       <./Analysis_files/figure-latex/unnamed-chunk-15-1.pdf>]
<Analysis_files/figure-latex/unnamed-chunk-17-1.pdf, id=221, 469.755pt x 289.08
pt>
File: Analysis_files/figure-latex/unnamed-chunk-17-1.pdf Graphic file (type pdf
)
<use Analysis_files/figure-latex/unnamed-chunk-17-1.pdf>
Package pdftex.def Info: Analysis_files/figure-latex/unnamed-chunk-17-1.pdf  us
ed on input line 478.
(pdftex.def)             Requested size: 469.75386pt x 289.07928pt.
[13pdfTeX warning (ext4): destination with the same identifier (name{figure.12}
) has been already used, duplicate ignored
<argument> ...shipout:D \box_use:N \l_shipout_box 
                                                  
l.482 
       <./Analysis_files/figure-latex/unnamed-chunk-16-1.pdf>]
<Analysis_files/figure-latex/unnamed-chunk-18-1.pdf, id=235, 469.755pt x 578.16
pt>
File: Analysis_files/figure-latex/unnamed-chunk-18-1.pdf Graphic file (type pdf
)
<use Analysis_files/figure-latex/unnamed-chunk-18-1.pdf>
Package pdftex.def Info: Analysis_files/figure-latex/unnamed-chunk-18-1.pdf  us
ed on input line 494.
(pdftex.def)             Requested size: 469.75386pt x 578.15858pt.
[14pdfTeX warning (ext4): destination with the same identifier (name{figure.13}
) has been already used, duplicate ignored
<argument> ...shipout:D \box_use:N \l_shipout_box 
                                                  
l.499 
       <./Analysis_files/figure-latex/unnamed-chunk-17-1.pdf>]
Overfull \vbox (1.18681pt too high) has occurred while \output is active []

[15pdfTeX warning (ext4): destination with the same identifier (name{figure.14}
) has been already used, duplicate ignored
<argument> ...shipout:D \box_use:N \l_shipout_box 
                                                  
l.499 
       <./Analysis_files/figure-latex/unnamed-chunk-18-1.pdf>]
<Analysis_files/figure-latex/unnamed-chunk-19-1.pdf, id=259, 469.755pt x 289.08
pt>
File: Analysis_files/figure-latex/unnamed-chunk-19-1.pdf Graphic file (type pdf
)
<use Analysis_files/figure-latex/unnamed-chunk-19-1.pdf>
Package pdftex.def Info: Analysis_files/figure-latex/unnamed-chunk-19-1.pdf  us
ed on input line 517.
(pdftex.def)             Requested size: 469.75386pt x 289.07928pt.
<Analysis_files/figure-latex/unnamed-chunk-20-1.pdf, id=261, 469.755pt x 325.21
5pt>
File: Analysis_files/figure-latex/unnamed-chunk-20-1.pdf Graphic file (type pdf
)
<use Analysis_files/figure-latex/unnamed-chunk-20-1.pdf>
Package pdftex.def Info: Analysis_files/figure-latex/unnamed-chunk-20-1.pdf  us
ed on input line 536.
(pdftex.def)             Requested size: 469.75386pt x 325.2142pt.
[16pdfTeX warning (ext4): destination with the same identifier (name{figure.15}
) has been already used, duplicate ignored
<argument> ...shipout:D \box_use:N \l_shipout_box 
                                                  
l.538 T
       he ratio of flake to tool is less when trees dies because the death and 
<./Analysis_files/figure-latex/unnamed-chunk-19-1.pdf>]
<Analysis_files/figure-latex/unnamed-chunk-21-1.pdf, id=274, 469.755pt x 325.21
5pt>
File: Analysis_files/figure-latex/unnamed-chunk-21-1.pdf Graphic file (type pdf
)
<use Analysis_files/figure-latex/unnamed-chunk-21-1.pdf>
Package pdftex.def Info: Analysis_files/figure-latex/unnamed-chunk-21-1.pdf  us
ed on input line 544.
(pdftex.def)             Requested size: 469.75386pt x 325.2142pt.
[17 <./Analysis_files/figure-latex/unnamed-chunk-20-1.pdf>]
<Analysis_files/figure-latex/unnamed-chunk-22-1.pdf, id=285, 469.755pt x 325.21
5pt>
File: Analysis_files/figure-latex/unnamed-chunk-22-1.pdf Graphic file (type pdf
)
<use Analysis_files/figure-latex/unnamed-chunk-22-1.pdf>
Package pdftex.def Info: Analysis_files/figure-latex/unnamed-chunk-22-1.pdf  us
ed on input line 556.
(pdftex.def)             Requested size: 469.75386pt x 325.2142pt.
[18 <./Analysis_files/figure-latex/unnamed-chunk-21-1.pdf>] [19pdfTeX warning (
ext4): destination with the same identifier (name{figure.16}) has been already 
used, duplicate ignored
<argument> ...shipout:D \box_use:N \l_shipout_box 
                                                  
l.565 \end{document}
                     <./Analysis_files/figure-latex/unnamed-chunk-22-1.pdf>] (.
/Analysis.aux)
Package rerunfilecheck Info: File `Analysis.out' has not changed.
(rerunfilecheck)             Checksum: 672AB430BF117DD1C9B782CC273DCEA5;3109.

LaTeX Warning: There were undefined references.

 ) 
Here is how much of TeX's memory you used:
 11876 strings out of 481339
 183927 string characters out of 5916510
 491723 words of memory out of 5000000
 28343 multiletter control sequences out of 15000+600000
 441762 words of font info for 104 fonts, out of 8000000 for 9000
 14 hyphenation exceptions out of 8191
 66i,6n,72p,476b,371s stack positions out of 5000i,500n,10000p,200000b,80000s
{/Users/jonathanreeves/Library/TinyTeX/texmf-dist/fonts/enc/dvips/lm/lm-ts1.e
nc}{/Users/jonathanreeves/Library/TinyTeX/texmf-dist/fonts/enc/dvips/lm/lm-ec.e
nc}</Users/jonathanreeves/Library/TinyTeX/texmf-dist/fonts/type1/public/lm/lmbx
10.pfb></Users/jonathanreeves/Library/TinyTeX/texmf-dist/fonts/type1/public/lm/
lmbx12.pfb></Users/jonathanreeves/Library/TinyTeX/texmf-dist/fonts/type1/public
/lm/lmr10.pfb></Users/jonathanreeves/Library/TinyTeX/texmf-dist/fonts/type1/pub
lic/lm/lmr12.pfb></Users/jonathanreeves/Library/TinyTeX/texmf-dist/fonts/type1/
public/lm/lmr17.pfb></Users/jonathanreeves/Library/TinyTeX/texmf-dist/fonts/typ
e1/public/lm/lmtt10.pfb>
Output written on Analysis.pdf (19 pages, 20527604 bytes).
PDF statistics:
 348 PDF objects out of 1000 (max. 8388607)
 279 compressed objects within 3 object streams
 62 named destinations out of 1000 (max. 500000)
 20680 words of extra memory for PDF output out of 20736 (max. 10000000)

